{
"contracts\\FundMe.sol":{"l":{"33":4,"34":3,"48":3,"49":3,"54":15,"60":13,"61":13,"62":13,"63":8,"64":8,"69":2,"74":3,"75":3,"77":2,"81":2,"82":2,"83":2,"84":2,"88":1,"90":1,"95":6,"96":6,"98":1,"100":1,"101":1,"113":6,"121":3,"125":1,"129":1},"path":"I:\\BlockchainProject\\FundMe\\contracts\\FundMe.sol","s":{"1":4,"2":15,"3":13,"4":13,"5":2,"6":3,"7":2,"8":2,"9":2,"10":1,"11":1,"12":6,"13":1,"14":1,"15":6,"16":3,"17":1,"18":1},"b":{"1":[1,3],"2":[13,2],"3":[8,5],"4":[2,1],"5":[2,0],"6":[2,0],"7":[1,0],"8":[1,0]},"f":{"1":4,"2":3,"3":15,"4":2,"5":1,"6":6,"7":3,"8":1,"9":1},"fnMap":{"1":{"name":"onlyOwner","line":31,"loc":{"start":{"line":31,"column":4},"end":{"line":35,"column":4}}},"2":{"name":"constructor","line":47,"loc":{"start":{"line":47,"column":4},"end":{"line":50,"column":4}}},"3":{"name":"fund","line":53,"loc":{"start":{"line":53,"column":4},"end":{"line":66,"column":4}}},"4":{"name":"withdraw","line":68,"loc":{"start":{"line":68,"column":4},"end":{"line":85,"column":4}}},"5":{"name":"cheaperWithdraw","line":87,"loc":{"start":{"line":87,"column":4},"end":{"line":102,"column":4}}},"6":{"name":"getAddressToAmountFunded","line":108,"loc":{"start":{"line":108,"column":4},"end":{"line":114,"column":4}}},"7":{"name":"getFunder","line":120,"loc":{"start":{"line":120,"column":4},"end":{"line":122,"column":4}}},"8":{"name":"getOwner","line":124,"loc":{"start":{"line":124,"column":4},"end":{"line":126,"column":4}}},"9":{"name":"getPriceFeed","line":128,"loc":{"start":{"line":128,"column":4},"end":{"line":130,"column":4}}}},"statementMap":{"1":{"start":{"line":33,"column":8},"end":{"line":33,"column":60}},"2":{"start":{"line":54,"column":8},"end":{"line":54,"column":1521}},"3":{"start":{"line":61,"column":8},"end":{"line":61,"column":33}},"4":{"start":{"line":62,"column":8},"end":{"line":62,"column":1882}},"5":{"start":{"line":69,"column":8},"end":{"line":69,"column":2061}},"6":{"start":{"line":74,"column":12},"end":{"line":74,"column":51}},"7":{"start":{"line":81,"column":8},"end":{"line":81,"column":84}},"8":{"start":{"line":82,"column":8},"end":{"line":82,"column":23}},"9":{"start":{"line":84,"column":8},"end":{"line":84,"column":23}},"10":{"start":{"line":88,"column":8},"end":{"line":88,"column":44}},"11":{"start":{"line":90,"column":8},"end":{"line":90,"column":2847}},"12":{"start":{"line":95,"column":12},"end":{"line":95,"column":49}},"13":{"start":{"line":100,"column":8},"end":{"line":100,"column":73}},"14":{"start":{"line":101,"column":8},"end":{"line":101,"column":23}},"15":{"start":{"line":113,"column":8},"end":{"line":113,"column":54}},"16":{"start":{"line":121,"column":8},"end":{"line":121,"column":31}},"17":{"start":{"line":125,"column":8},"end":{"line":125,"column":22}},"18":{"start":{"line":129,"column":8},"end":{"line":129,"column":26}}},"branchMap":{"1":{"line":33,"type":"if","locations":[{"start":{"line":33,"column":8},"end":{"line":33,"column":8}},{"start":{"line":33,"column":8},"end":{"line":33,"column":8}}]},"2":{"line":54,"type":"if","locations":[{"start":{"line":54,"column":8},"end":{"line":54,"column":8}},{"start":{"line":54,"column":8},"end":{"line":54,"column":8}}]},"3":{"line":62,"type":"if","locations":[{"start":{"line":62,"column":8},"end":{"line":62,"column":8}},{"start":{"line":62,"column":8},"end":{"line":62,"column":8}}]},"4":{"line":68,"type":"if","locations":[{"start":{"line":68,"column":31},"end":{"line":68,"column":31}},{"start":{"line":68,"column":31},"end":{"line":68,"column":31}}]},"5":{"line":82,"type":"if","locations":[{"start":{"line":82,"column":8},"end":{"line":82,"column":8}},{"start":{"line":82,"column":8},"end":{"line":82,"column":8}}]},"6":{"line":84,"type":"if","locations":[{"start":{"line":84,"column":8},"end":{"line":84,"column":8}},{"start":{"line":84,"column":8},"end":{"line":84,"column":8}}]},"7":{"line":87,"type":"if","locations":[{"start":{"line":87,"column":38},"end":{"line":87,"column":38}},{"start":{"line":87,"column":38},"end":{"line":87,"column":38}}]},"8":{"line":101,"type":"if","locations":[{"start":{"line":101,"column":8},"end":{"line":101,"column":8}},{"start":{"line":101,"column":8},"end":{"line":101,"column":8}}]}}},
"contracts\\PriceConverter.sol":{"l":{"12":15,"14":15,"25":15,"26":15,"28":15},"path":"I:\\BlockchainProject\\FundMe\\contracts\\PriceConverter.sol","s":{"1":15,"2":15,"3":15,"4":15,"5":15},"b":{},"f":{"1":15,"2":15},"fnMap":{"1":{"name":"getPrice","line":7,"loc":{"start":{"line":7,"column":2},"end":{"line":15,"column":2}}},"2":{"name":"getConversionRate","line":20,"loc":{"start":{"line":20,"column":2},"end":{"line":29,"column":2}}}},"statementMap":{"1":{"start":{"line":12,"column":4},"end":{"line":12,"column":57}},"2":{"start":{"line":14,"column":4},"end":{"line":14,"column":40}},"3":{"start":{"line":25,"column":4},"end":{"line":25,"column":42}},"4":{"start":{"line":26,"column":4},"end":{"line":26,"column":73}},"5":{"start":{"line":28,"column":4},"end":{"line":28,"column":25}}},"branchMap":{}},
"contracts\\test\\MockV3Aggregator.sol":{"l":{},"path":"I:\\BlockchainProject\\FundMe\\contracts\\test\\MockV3Aggregator.sol","s":{},"b":{},"f":{},"fnMap":{},"statementMap":{},"branchMap":{}}}
