TN:
SF:I:\BlockchainProject\FundMe\contracts\FundMe.sol
FN:31,onlyOwner
FN:47,constructor
FN:53,fund
FN:68,withdraw
FN:87,cheaperWithdraw
FN:108,getAddressToAmountFunded
FN:120,getFunder
FN:124,getOwner
FN:128,getPriceFeed
FNF:9
FNH:9
FNDA:4,onlyOwner
FNDA:3,constructor
FNDA:15,fund
FNDA:2,withdraw
FNDA:1,cheaperWithdraw
FNDA:6,getAddressToAmountFunded
FNDA:3,getFunder
FNDA:1,getOwner
FNDA:1,getPriceFeed
DA:33,4
DA:34,3
DA:48,3
DA:49,3
DA:54,15
DA:60,13
DA:61,13
DA:62,13
DA:63,8
DA:64,8
DA:69,2
DA:74,3
DA:75,3
DA:77,2
DA:81,2
DA:82,2
DA:83,2
DA:84,2
DA:88,1
DA:90,1
DA:95,6
DA:96,6
DA:98,1
DA:100,1
DA:101,1
DA:113,6
DA:121,3
DA:125,1
DA:129,1
LF:29
LH:29
BRDA:33,1,0,1
BRDA:33,1,1,3
BRDA:54,2,0,13
BRDA:54,2,1,2
BRDA:62,3,0,8
BRDA:62,3,1,5
BRDA:68,4,0,2
BRDA:68,4,1,1
BRDA:82,5,0,2
BRDA:82,5,1,0
BRDA:84,6,0,2
BRDA:84,6,1,0
BRDA:87,7,0,1
BRDA:87,7,1,0
BRDA:101,8,0,1
BRDA:101,8,1,0
BRF:16
BRH:12
end_of_record
TN:
SF:I:\BlockchainProject\FundMe\contracts\PriceConverter.sol
FN:7,getPrice
FN:20,getConversionRate
FNF:2
FNH:2
FNDA:15,getPrice
FNDA:15,getConversionRate
DA:12,15
DA:14,15
DA:25,15
DA:26,15
DA:28,15
LF:5
LH:5
BRF:0
BRH:0
end_of_record
TN:
SF:I:\BlockchainProject\FundMe\contracts\test\MockV3Aggregator.sol
FNF:0
FNH:0
LF:0
LH:0
BRF:0
BRH:0
end_of_record
